   Compiling proc-macro2 v1.0.103
   Compiling quote v1.0.42
   Compiling windows_x86_64_gnu v0.53.1
   Compiling unicode-ident v1.0.22
   Compiling windows_x86_64_gnu v0.52.6
   Compiling crossbeam-utils v0.8.21
   Compiling anstyle v1.0.13
   Compiling windows-link v0.2.1
   Compiling utf8parse v0.2.2
   Compiling once_cell_polyfill v1.70.2
   Compiling windows-sys v0.61.2
   Compiling anstyle-parse v0.2.7
   Compiling colorchoice v1.0.4
   Compiling is_terminal_polyfill v1.70.2
   Compiling rayon-core v1.13.0
   Compiling heck v0.5.0
   Compiling clap_lex v0.7.6
   Compiling anyhow v1.0.100
   Compiling strsim v0.11.1
   Compiling either v1.15.0
   Compiling winapi-util v0.1.11
   Compiling same-file v1.0.6
   Compiling windows-targets v0.52.6
   Compiling walkdir v2.5.0
   Compiling windows-result v0.2.0
   Compiling windows-targets v0.53.5
   Compiling windows-strings v0.1.0
   Compiling windows-sys v0.60.2
   Compiling crossbeam-epoch v0.9.18
   Compiling anstyle-query v1.1.4
   Compiling anstyle-wincon v3.0.10
   Compiling anstream v0.6.21
   Compiling crossbeam-deque v0.8.6
   Compiling clap_builder v4.5.51
   Compiling syn v2.0.109
   Compiling rayon v1.11.0
   Compiling windows-implement v0.58.0
   Compiling windows-interface v0.58.0
   Compiling clap_derive v4.5.49
   Compiling windows-core v0.58.0
   Compiling clap v4.5.51
   Compiling windows v0.58.0
   Compiling sfvdd v0.1.0 (/Users/danijeljw/Developer/sfvdd)
    Finished `release` profile [optimized] target(s) in 13.45s
